<?xml version="1.0" encoding="UTF-8"?>
<!-- Generated by org.testng.reporters.JUnitXMLReporter -->
<testsuite hostname="VIMU-BLR-01" ignored="0" name="Test" tests="5" failures="0" timestamp="06 Apr 2023 10:53:06 GMT" time="9.944" errors="0">
  <testcase name="postBookingRequest" time="2.814" classname="RestAssured.Tests.CreateBookingRequest"/>
  <testcase name="getBookingDetails" time="1.313" classname="RestAssured.Tests.GetBookingDetails"/>
  <testcase name="postAPIRequest" time="1.225" classname="RestAssured.Tests.CreateBookingUsingTextFile"/>
  <testcase name="getAllBookingID" time="1.243" classname="RestAssured.Tests.GetAllBookingIDs"/>
  <testcase name="createBookingWithPojo" time="2.869" classname="RestAssured.Tests.CreateBookingUsingPojoClasses"/>
</testsuite> <!-- Test -->
