<?xml version="1.0" encoding="UTF-8"?>
<!-- Generated by org.testng.reporters.JUnitXMLReporter -->
<testsuite hostname="VIMU-BLR-01" ignored="0" name="Test" tests="9" failures="0" timestamp="07 Apr 2023 11:20:01 GMT" time="14.836" errors="0">
  <testcase name="postBookingRequest" time="2.604" classname="RestAssured.Tests.CreateBookingRequest"/>
  <testcase name="tokenGeneration" time="1.191" classname="RestAssured.Tests.GenerateToken"/>
  <testcase name="updateBooking" time="1.209" classname="RestAssured.Tests.UpdateBookingDetaiils"/>
  <testcase name="patchRequest" time="1.14" classname="RestAssured.Tests.PatchRequest"/>
  <testcase name="getBookingDetails" time="1.235" classname="RestAssured.Tests.GetBookingDetails"/>
  <testcase name="deleteAPI" time="1.229" classname="RestAssured.Tests.DeleteAPIRequest"/>
  <testcase name="postAPIRequest" time="1.247" classname="RestAssured.Tests.CreateBookingUsingTextFile"/>
  <testcase name="getAllBookingID" time="1.703" classname="RestAssured.Tests.GetAllBookingIDs"/>
  <testcase name="createBookingWithPojo" time="2.891" classname="RestAssured.Tests.CreateBookingUsingPojoClasses"/>
</testsuite> <!-- Test -->
