<?xml version="1.0" encoding="UTF-8"?>
<testng-results skipped="0" failed="0" ignored="0" total="1" passed="1">
  <reporter-output>
  </reporter-output>
  <suite name="Default suite" duration-ms="2831" started-at="2023-04-05T12:45:17Z" finished-at="2023-04-05T12:45:20Z">
    <groups>
    </groups>
    <test name="Default test" duration-ms="2831" started-at="2023-04-05T12:45:17Z" finished-at="2023-04-05T12:45:20Z">
      <class name="RestAssured.Tests.CreateBookingUsingTextFile">
        <test-method status="PASS" signature="beforeMethod()[pri:0, instance:RestAssured.Tests.CreateBookingUsingTextFile@4fe767f3]" name="beforeMethod" is-config="true" duration-ms="474" started-at="2023-04-05T18:15:17Z" finished-at="2023-04-05T18:15:17Z">
          <reporter-output>
          </reporter-output>
        </test-method> <!-- beforeMethod -->
        <test-method status="PASS" signature="postAPIRequest()[pri:0, instance:RestAssured.Tests.CreateBookingUsingTextFile@4fe767f3]" name="postAPIRequest" duration-ms="2333" started-at="2023-04-05T18:15:17Z" finished-at="2023-04-05T18:15:20Z">
          <reporter-output>
          </reporter-output>
        </test-method> <!-- postAPIRequest -->
      </class> <!-- RestAssured.Tests.CreateBookingUsingTextFile -->
    </test> <!-- Default test -->
  </suite> <!-- Default suite -->
</testng-results>
